<?xml version="1.0" encoding="UTF-8"?>
<!-- Generated by org.testng.reporters.JUnitXMLReporter -->
<testsuite ignored="0" hostname="DELL-C0HKRC2" failures="0" tests="3" name="Test" time="33.836" errors="0" timestamp="2021-07-10T11:00:38 ART">
  <testcase classname="pruebas.Laboratorio4_E1" name="login" time="11.848"/>
  <testcase classname="pruebas.Laboratorio4_E1" name="login" time="6.334"/>
  <testcase classname="pruebas.Laboratorio4_E1" name="login" time="15.531"/>
</testsuite> <!-- Test -->
